<?xml version="1.0" encoding="UTF-8"?>
<testsuite name="Compra de productos" tests="2" skipped="0" failures="0" errors="0" timestamp="2022-06-18T16:08:22" hostname="ccastanos-MacBook-Pro.local" time="19.019">
  <properties/>
  <testcase name="Realizar checkout de compra" classname="Compra de productos" time="10.711"/>
  <testcase name="Realizar checkout de compra" classname="Compra de productos" time="8.198"/>
  <system-out><![CDATA[























]]></system-out>
  <system-err><![CDATA[[Test worker] INFO net.thucydides.core.steps.ConsoleLoggingListener - 
 _____ _____ ____ _____   ____ _____  _    ____ _____ _____ ____  
|_   _| ____/ ___|_   _| / ___|_   _|/ \  |  _ \_   _| ____|  _ \ 
  | | |  _| \___ \ | |   \___ \ | | / _ \ | |_) || | |  _| | | | |
  | | | |___ ___) || |    ___) || |/ ___ \|  _ < | | | |___| |_| |
  |_| |_____|____/ |_|   |____/ |_/_/   \_\_| \_\|_| |_____|____/ 
                                                                  

TEST STARTED: Realizar checkout de compra
-------------------------------------------------------------------(compra-de-productos;realizar-checkout-de-compra)
[Test worker] INFO net.thucydides.core.steps.ConsoleLoggingListener - STARTING STEP Example #1: {nombre=cesar, apellido=castano, codigoPostal=20007}
[Test worker] INFO net.thucydides.core.steps.ConsoleLoggingListener - STARTING STEP Dado que el usuario se encuentra en la pagina
[Test worker] INFO net.thucydides.core.steps.ConsoleLoggingListener - STARTING STEP Abrir navegador
Jun 18, 2022 11:08:23 AM org.openqa.selenium.remote.DesiredCapabilities chrome
INFO: Using `new ChromeOptions()` is preferred to `DesiredCapabilities.chrome()`
Starting ChromeDriver 102.0.5005.61 (0e59bcc00cc4985ce39ad31c150065f159d95ad3-refs/branch-heads/5005@{#819}) on port 19519
Only local connections are allowed.
Please see https://chromedriver.chromium.org/security-considerations for suggestions on keeping ChromeDriver safe.
ChromeDriver was started successfully.
Jun 18, 2022 11:08:26 AM org.openqa.selenium.remote.ProtocolHandshake createSession
INFO: Detected dialect: W3C
[Test worker] INFO net.thucydides.core.steps.ConsoleLoggingListener - FINISHING STEP
[Test worker] INFO net.thucydides.core.steps.ConsoleLoggingListener - FINISHING STEP
[Test worker] INFO net.thucydides.core.steps.ConsoleLoggingListener - STARTING STEP Cuando usuario ingresa sus credenciales
| usuario | standard_user |
| clave | secret_sauce |
[Test worker] INFO net.thucydides.core.steps.ConsoleLoggingListener - STARTING STEP Abrir navegador
[Test worker] INFO net.thucydides.core.steps.ConsoleLoggingListener - FINISHING STEP
[Test worker] INFO net.thucydides.core.steps.ConsoleLoggingListener - STARTING STEP Iniciar autenticacion: {usuario=standard_user, clave=secret_sauce}
[Test worker] INFO net.thucydides.core.steps.ConsoleLoggingListener - FINISHING STEP
[Test worker] INFO net.thucydides.core.steps.ConsoleLoggingListener - FINISHING STEP
[Test worker] INFO net.thucydides.core.steps.ConsoleLoggingListener - STARTING STEP Cuando cuando el usuario agrega producto al carrito
[Test worker] INFO net.thucydides.core.steps.ConsoleLoggingListener - STARTING STEP Agregar producto al carrito
[Test worker] INFO net.thucydides.core.steps.ConsoleLoggingListener - FINISHING STEP
[Test worker] INFO net.thucydides.core.steps.ConsoleLoggingListener - STARTING STEP Ver carrito de compra
[Test worker] INFO net.thucydides.core.steps.ConsoleLoggingListener - FINISHING STEP
[Test worker] INFO net.thucydides.core.steps.ConsoleLoggingListener - FINISHING STEP
[Test worker] INFO net.thucydides.core.steps.ConsoleLoggingListener - STARTING STEP Y realiza el checkout de la compra
| nombre | apellido | postal |
| cesar | castano | 20007 |
[Test worker] INFO net.thucydides.core.steps.ConsoleLoggingListener - STARTING STEP Hacer check out
[Test worker] INFO net.thucydides.core.steps.ConsoleLoggingListener - FINISHING STEP
[Test worker] INFO net.thucydides.core.steps.ConsoleLoggingListener - STARTING STEP Completar formulario checkout: [{nombre=cesar, apellido=castano, postal=20007}]
[Test worker] INFO net.thucydides.core.steps.ConsoleLoggingListener - FINISHING STEP
[Test worker] INFO net.thucydides.core.steps.ConsoleLoggingListener - FINISHING STEP
[Test worker] INFO net.thucydides.core.steps.ConsoleLoggingListener - STARTING STEP Entonces el  usuario finaliza la compra
[Test worker] INFO net.thucydides.core.steps.ConsoleLoggingListener - FINISHING STEP
[Test worker] INFO net.thucydides.core.steps.ConsoleLoggingListener - STARTING STEP Example #2: {nombre=Maria, apellido=Lopez, codigoPostal=67440007}
[Test worker] INFO net.thucydides.core.steps.ConsoleLoggingListener - STARTING STEP Dado que el usuario se encuentra en la pagina
[Test worker] INFO net.thucydides.core.steps.ConsoleLoggingListener - STARTING STEP Abrir navegador
Jun 18, 2022 11:08:33 AM org.openqa.selenium.remote.DesiredCapabilities chrome
INFO: Using `new ChromeOptions()` is preferred to `DesiredCapabilities.chrome()`
Jun 18, 2022 11:08:35 AM org.openqa.selenium.remote.ProtocolHandshake createSession
INFO: Detected dialect: W3C
[Test worker] INFO net.thucydides.core.steps.ConsoleLoggingListener - FINISHING STEP
[Test worker] INFO net.thucydides.core.steps.ConsoleLoggingListener - FINISHING STEP
[Test worker] INFO net.thucydides.core.steps.ConsoleLoggingListener - STARTING STEP Cuando usuario ingresa sus credenciales
| usuario | standard_user |
| clave | secret_sauce |
[Test worker] INFO net.thucydides.core.steps.ConsoleLoggingListener - STARTING STEP Abrir navegador
[Test worker] INFO net.thucydides.core.steps.ConsoleLoggingListener - FINISHING STEP
[Test worker] INFO net.thucydides.core.steps.ConsoleLoggingListener - STARTING STEP Iniciar autenticacion: {usuario=standard_user, clave=secret_sauce}
[Test worker] INFO net.thucydides.core.steps.ConsoleLoggingListener - FINISHING STEP
[Test worker] INFO net.thucydides.core.steps.ConsoleLoggingListener - FINISHING STEP
[Test worker] INFO net.thucydides.core.steps.ConsoleLoggingListener - STARTING STEP Cuando cuando el usuario agrega producto al carrito
[Test worker] INFO net.thucydides.core.steps.ConsoleLoggingListener - STARTING STEP Agregar producto al carrito
[Test worker] INFO net.thucydides.core.steps.ConsoleLoggingListener - FINISHING STEP
[Test worker] INFO net.thucydides.core.steps.ConsoleLoggingListener - STARTING STEP Ver carrito de compra
[Test worker] INFO net.thucydides.core.steps.ConsoleLoggingListener - FINISHING STEP
[Test worker] INFO net.thucydides.core.steps.ConsoleLoggingListener - FINISHING STEP
[Test worker] INFO net.thucydides.core.steps.ConsoleLoggingListener - STARTING STEP Y realiza el checkout de la compra
| nombre | apellido | postal |
| Maria | Lopez | 67440007 |
[Test worker] INFO net.thucydides.core.steps.ConsoleLoggingListener - STARTING STEP Hacer check out
[Test worker] INFO net.thucydides.core.steps.ConsoleLoggingListener - FINISHING STEP
[Test worker] INFO net.thucydides.core.steps.ConsoleLoggingListener - STARTING STEP Completar formulario checkout: [{nombre=Maria, apellido=Lopez, postal=67440007}]
[Test worker] INFO net.thucydides.core.steps.ConsoleLoggingListener - FINISHING STEP
[Test worker] INFO net.thucydides.core.steps.ConsoleLoggingListener - FINISHING STEP
[Test worker] INFO net.thucydides.core.steps.ConsoleLoggingListener - STARTING STEP Entonces el  usuario finaliza la compra
[Test worker] INFO net.thucydides.core.steps.ConsoleLoggingListener - FINISHING STEP
]]></system-err>
</testsuite>
